build/app/outputs/mapping/release/seeds.txt
com.domyturn.dev.domyturn.MainActivity
com.domyturn.dev.domyturn.MainActivity: MainActivity()
...
com.google.android.libraries.barhopper.MultiScaleDetectionOptions: MultiScaleDetectionOptions()
com.google.gson.internal.bind.TypeAdapters$18: TypeAdapters$18()
androidx.camera.core.impl.UseCaseConfigFactory$CaptureType: androidx.camera.core.impl.UseCaseConfigFactory$CaptureType valueOf(java.lang.String)
androidx.core.graphics.drawable.IconCompatParcelizer: androidx.core.graphics.drawable.IconCompat read(androidx.versionedparcelable.VersionedParcel)
com.dexterous.flutterlocalnotifications.FlutterLocalNotificationsPlugin$1: FlutterLocalNotificationsPlugin$1()
androidx.appcompat.widget.Toolbar: int getContentInsetRight()
androidx.appcompat.widget.Toolbar: void setTitleMarginStart(int)
com.it_nomads.fluttersecurestorage.ciphers.KeyCipherAlgorithm: com.it_nomads.fluttersecurestorage.ciphers.KeyCipherAlgorithm[] values()
androidx.core.view.WindowInsetsCompat$Impl29: androidx.core.graphics.Insets getSystemGestureInsets()
io.flutter.embedding.engine.systemchannels.PlatformChannel$ClipboardContentFormat: io.flutter.embedding.engine.systemchannels.PlatformChannel$ClipboardContentFormat[] values()
io.flutter.embedding.engine.FlutterJNI: FlutterJNI()
androidx.appcompat.view.menu.ListMenuItemView: ListMenuItemView(android.content.Context,android.util.AttributeSet)
androidx.camera.camera2.internal.compat.quirk.InvalidVideoProfilesQuirk: InvalidVideoProfilesQuirk()
io.flutter.view.FlutterCallbackInformation: io.flutter.view.FlutterCallbackInformation lookupCallbackInformation(long)
androidx.core.app.NotificationCompat$Builder$Api21Impl: android.media.AudioAttributes$Builder setContentType(android.media.AudioAttributes$Builder,int)
android.support.v4.media.AudioAttributesImplBaseParcelizer: void write(androidx.media.AudioAttributesImplBase,androidx.versionedparcelable.VersionedParcel)
androidx.core.app.NotificationCompat$CallStyle$Api28Impl: android.app.Notification$Builder addPerson(android.app.Notification$Builder,android.app.Person)
androidx.appcompat.view.menu.MenuPopupHelper$Api17Impl: void getRealSize(android.view.Display,android.graphics.Point)
com.google.android.libraries.barhopper.BarhopperV3: byte[] recognizeBitmapNative(long,android.graphics.Bitmap,com.google.android.libraries.barhopper.RecognitionOptions)
androidx.appcompat.widget.AppCompatTextView: java.lang.CharSequence getText()
androidx.media.AudioAttributesImplBaseParcelizer: AudioAttributesImplBaseParcelizer()
com.dexterous.flutterlocalnotifications.FlutterLocalNotificationsPlugin: void setVibrationPattern(com.dexterous.flutterlocalnotifications.models.NotificationDetails,androidx.core.app.NotificationCompat$Builder)
io.flutter.embedding.engine.plugins.lifecycle.HiddenLifecycleReference: HiddenLifecycleReference(androidx.lifecycle.Lifecycle)
androidx.appcompat.widget.AppCompatTextViewAutoSizeHelper$Impl: boolean isHorizontallyScrollable(android.widget.TextView)
com.google.android.libraries.barhopper.BarhopperV3: long createNative()
androidx.appcompat.widget.Toolbar: android.view.Menu getMenu()
androidx.core.widget.NestedScrollView: void setSmoothScrollingEnabled(boolean)
io.flutter.embedding.android.FlutterTextureView: void setRenderSurface(android.view.Surface)
io.flutter.view.AccessibilityBridge$Action: io.flutter.view.AccessibilityBridge$Action[] values()
com.google.crypto.tink.shaded.protobuf.Writer$FieldOrder: com.google.crypto.tink.shaded.protobuf.Writer$FieldOrder valueOf(java.lang.String)
com.google.gson.internal.bind.TypeAdapters$15: TypeAdapters$15()
androidx.core.view.WindowInsetsCompat$BuilderImpl34: WindowInsetsCompat$BuilderImpl34(androidx.core.view.WindowInsetsCompat)
androidx.appcompat.widget.AppCompatAutoCompleteTextView: android.view.ActionMode$Callback getCustomSelectionActionModeCallback()
io.flutter.embedding.engine.renderer.SurfaceTextureWrapper: void getTransformMatrix(float[])
androidx.vectordrawable.graphics.drawable.VectorDrawableCompat$VGroup: float getScaleX()
io.flutter.embedding.engine.FlutterJNI: void onPreEngineRestart()