build/app/outputs/mapping/release/usage.txt
com.domyturn.dev.domyturn.R$color
com.domyturn.dev.domyturn.R$drawable
com.domyturn.dev.domyturn.R$mipmap
com.domyturn.dev.domyturn.R$style
com.domyturn.dev.domyturn.R
...
androidx.core.view.WindowInsetsCompat$BuilderImpl30:
    void setInsets(int,androidx.core.graphics.Insets)
    void setInsetsIgnoringVisibility(int,androidx.core.graphics.Insets)
    void setVisible(int,boolean)
androidx.core.view.WindowInsetsCompat$BuilderImpl34:
    void setInsets(int,androidx.core.graphics.Insets)
    void setInsetsIgnoringVisibility(int,androidx.core.graphics.Insets)
    void setVisible(int,boolean)
androidx.core.view.WindowInsetsCompat$BuilderImpl:
    void setDisplayCutout(androidx.core.view.DisplayCutoutCompat)
    void setInsets(int,androidx.core.graphics.Insets)
    void setInsetsIgnoringVisibility(int,androidx.core.graphics.Insets)
    void setVisible(int,boolean)
androidx.core.view.WindowInsetsCompat$Impl20:
    private static final int SYSTEM_BAR_VISIBILITY_MASK
    public androidx.core.graphics.Insets getInsetsIgnoringVisibility(int)
    protected boolean isTypeVisible(int)
    boolean isVisible(int)
androidx.core.view.WindowInsetsCompat$Impl30:
    public androidx.core.graphics.Insets getInsetsIgnoringVisibility(int)
    public boolean isVisible(int)
androidx.core.view.WindowInsetsCompat$Impl34:
    public androidx.core.graphics.Insets getInsetsIgnoringVisibility(int)
    public boolean isVisible(int)
androidx.core.view.WindowInsetsCompat$Impl:
    androidx.core.graphics.Insets getInsetsIgnoringVisibility(int)
    boolean isVisible(int)
androidx.core.view.WindowInsetsCompat$Side$InsetsSide
androidx.core.view.WindowInsetsCompat$Side
androidx.core.view.WindowInsetsCompat$Type$InsetsType
androidx.core.view.WindowInsetsCompat$Type:
    static final int CAPTION_BAR
    static final int DISPLAY_CUTOUT
    static final int FIRST
    static final int IME
    static final int LAST
    static final int MANDATORY_SYSTEM_GESTURES
    static final int NAVIGATION_BARS
    static final int SIZE
    static final int STATUS_BARS
    static final int SYSTEM_GESTURES
    static final int SYSTEM_OVERLAYS
    static final int TAPPABLE_ELEMENT
    static final int WINDOW_DECOR
    private void <init>()
    static int all()
    public static int systemBars()
    public static int systemOverlays()
androidx.core.view.WindowInsetsCompat$TypeImpl30:
    private void <init>()
androidx.core.view.WindowInsetsCompat$TypeImpl34:
    private void <init>()
androidx.core.view.WindowInsetsCompat:
    private static final java.lang.String TAG
    public androidx.core.graphics.Insets getInsetsIgnoringVisibility(int)
    public androidx.core.graphics.Insets getMandatorySystemGestureInsets()
    public int getStableInsetBottom()
    public int getStableInsetLeft()
    public int getStableInsetRight()
    public int getStableInsetTop()
    public androidx.core.graphics.Insets getSystemGestureInsets()
    public androidx.core.graphics.Insets getSystemWindowInsets()
    public androidx.core.graphics.Insets getTappableElementInsets()
    public boolean hasInsets()
    public boolean hasStableInsets()
    public boolean hasSystemWindowInsets()
    public androidx.core.view.WindowInsetsCompat inset(androidx.core.graphics.Insets)
    public boolean isRound()
    public boolean isVisible(int)
    public androidx.core.view.WindowInsetsCompat replaceSystemWindowInsets(int,int,int,int)
    public androidx.core.view.WindowInsetsCompat replaceSystemWindowInsets(android.graphics.Rect)
androidx.core.view.WindowInsetsControllerCompat$Impl20:
    void addOnControllableInsetsChangedListener(androidx.core.view.WindowInsetsControllerCompat$OnControllableInsetsChangedListener)
    void controlWindowInsetsAnimation(int,long,android.view.animation.Interpolator,android.os.CancellationSignal,androidx.core.view.WindowInsetsAnimationControlListenerCompat)
    int getSystemBarsBehavior()
    void hide(int)
    private void hideForType(int)
    void removeOnControllableInsetsChangedListener(androidx.core.view.WindowInsetsControllerCompat$OnControllableInsetsChangedListener)
    void setSystemBarsBehavior(int)
    void show(int)
    private void showForType(int)